Arguments: 
  /usr/bin/node /home/dulldev/.npm-packages/bin/yarn install

PATH: 
  /home/dulldev/bin:/home/dulldev/.npm-packages/bin:/home/dulldev/.local/bin:/home/dulldev/bin:/home/dulldev/.npm-packages/bin:/home/dulldev/.local/bin:/usr/local/sbin:/usr/local/bin:/usr/sbin:/usr/bin:/sbin:/bin

Yarn version: 
  1.22.4

Node version: 
  8.16.2

Platform: 
  linux x64

Trace: 
  Error: https://registry.yarnpkg.com/@types%2fdownloadjs: tunneling socket could not be established, statusCode=403
      at ClientRequest.onConnect (/home/dulldev/.npm-packages/lib/node_modules/yarn/lib/cli.js:152223:19)
      at Object.onceWrapper (events.js:319:30)
      at emitThree (events.js:136:13)
      at ClientRequest.emit (events.js:217:7)
      at Socket.socketOnData (_http_client.js:489:11)
      at emitOne (events.js:116:13)
      at Socket.emit (events.js:211:7)
      at addChunk (_stream_readable.js:263:12)
      at readableAddChunk (_stream_readable.js:250:11)
      at Socket.Readable.push (_stream_readable.js:208:10)

npm manifest: 
  {
    "name": "editsc",
    "version": "0.0.0",
    "description": "Front-end of EditSC",
    "main": "main.js",
    "scripts": {
      "test": "echo \"Error: no test specified\" && exit 1",
      "build": "webpack"
    },
    "keywords": [],
    "author": "Dull Bananas",
    "license": "ISC",
    "dependencies": {
      "@types/downloadjs": "^1.4.1",
      "@types/elm": "^0.12.29",
      "@types/jszip": "^3.1.7",
      "@types/node": "^13.1.2",
      "@types/zip.js": "^2.0.27",
      "downloadjs": "^1.4.7",
      "elm": "^0.19.1-3",
      "iconv-lite": "^0.5.0",
      "jszip": "^3.3.0",
      "kaitai-struct": "^0.8.0-SNAPSHOT.11",
      "three": "^0.112.1",
      "zip-js": "0.0.2"
    },
    "devDependencies": {
      "@types/node": "^13.9.5",
      "elm-webpack-loader": "^6.0.1",
      "ts-loader": "^6.2.1",
      "typescript": "^3.8.3",
      "webpack": "^4.41.5",
      "webpack-cli": "^3.3.10"
    }
  }

yarn manifest: 
  No manifest

Lockfile: 
  No lockfile
